<?xml version="1.0" encoding="UTF-8"?>
<testsuite name="videoprocessing.DepthMotionCorrectorTest" tests="1" skipped="0" failures="0" errors="0" timestamp="2021-01-15T03:22:45" hostname="DESKTOP-867OUMT" time="1.106">
  <properties/>
  <testcase name="testRunning" classname="videoprocessing.DepthMotionCorrectorTest" time="1.106"/>
  <system-out><![CDATA[Depth Motion correction in progress
Done
]]></system-out>
  <system-err><![CDATA[]]></system-err>
</testsuite>
