<?xml version="1.0" encoding="UTF-8"?>
<testsuite name="videoprocessing.processor.PlanarMotionCorrectorTest" tests="1" skipped="0" failures="0" errors="0" timestamp="2021-01-15T15:32:11" hostname="DESKTOP-HF1TTVU" time="6.494">
  <properties/>
  <testcase name="testRunning" classname="videoprocessing.processor.PlanarMotionCorrectorTest" time="6.494"/>
  <system-out><![CDATA[]]></system-out>
  <system-err><![CDATA[]]></system-err>
</testsuite>
