<?xml version="1.0" encoding="UTF-8"?>
<testsuite name="TestData" tests="1" skipped="0" failures="1" errors="0" timestamp="2021-01-08T17:51:09" hostname="Fabios-MBP" time="6.877">
  <properties/>
  <testcase name="testController" classname="TestData" time="6.877">
    <failure message="org.fest.swing.exception.ComponentLookupException: Unable to find component using matcher org.fest.swing.core.NameMatcher[name='addROIButton', type=javax.swing.JButton, requireShowing=true].&#10;&#10;Component hierarchy:&#10;Controller[name='frame0', title='ROIs Detection', enabled=true, visible=true, showing=true]&#10;  javax.swing.JRootPane[]&#10;    javax.swing.JPanel[name='null.glassPane']&#10;    javax.swing.JLayeredPane[]&#10;      MainMenu[]&#10;        javax.swing.JMenu[name='Home', text='Home          ', selected=false, enabled=true, visible=true, showing=true]&#10;          javax.swing.JPopupMenu[name=null, label=null, enabled=true, visible=false, showing=false]&#10;        javax.swing.JMenu[name='Data', text='Data          ', selected=false, enabled=true, visible=true, showing=true]&#10;          javax.swing.JPopupMenu[name=null, label=null, enabled=true, visible=false, showing=false]&#10;            javax.swing.JMenuItem[name='ROIs', text='ROIs', selected=false, enabled=true, visible=true, showing=false]&#10;            javax.swing.JMenu[name='MCVideo', text='Motion Corrected Video', selected=false, enabled=true, visible=true, showing=false]&#10;              javax.swing.JPopupMenu[name=null, label=null, enabled=true, visible=false, showing=false]&#10;                javax.swing.JMenuItem[name='MCPlanar', text='Planar motion', selected=false, enabled=true, visible=true, showing=false]&#10;                javax.swing.JMenuItem[name='MCDepth', text='Depth motion', selected=false, enabled=true, visible=true, showing=false]&#10;            javax.swing.JMenuItem[name='dataData', text='Results', selected=false, enabled=true, visible=true, showing=false]&#10;        javax.swing.JMenu[name='menuSave', text='Save          ', selected=false, enabled=true, visible=true, showing=true]&#10;          javax.swing.JPopupMenu[name=null, label=null, enabled=true, visible=false, showing=false]&#10;            javax.swing.JMenuItem[name='saveROI', text='Save ROIs', selected=false, enabled=true, visible=true, showing=false]&#10;            javax.swing.JMenuItem[name='saveMCVideoPlanar', text='Save Planar Corrected Video', selected=false, enabled=true, visible=true, showing=false]&#10;            javax.swing.JMenuItem[name='saveMCVideoDepth', text='Save Depth Corrected Video', selected=false, enabled=true, visible=true, showing=false]&#10;            javax.swing.JMenuItem[name='saveData', text='Save Results', selected=false, enabled=true, visible=true, showing=false]&#10;            javax.swing.JMenuItem[name='saveAll', text='Save All', selected=false, enabled=true, visible=true, showing=false]&#10;      Home[name=null]&#10;        javax.swing.JPanel[name=null]&#10;          DataTab.ROIs[name=null]&#10;            javax.swing.JLabel[name=null, text='Something went wrong. Please try again.', enabled=true, visible=true, showing=true]&#10;  javax.swing.Popup$HeavyWeightWindow[name='win0']&#10;    javax.swing.JRootPane[]&#10;      javax.swing.JPanel[name='null.glassPane']&#10;      javax.swing.JLayeredPane[]&#10;        javax.swing.JPanel[name='null.contentPane']&#10;" type="org.fest.swing.exception.ComponentLookupException">org.fest.swing.exception.ComponentLookupException: Unable to find component using matcher org.fest.swing.core.NameMatcher[name='addROIButton', type=javax.swing.JButton, requireShowing=true].

Component hierarchy:
Controller[name='frame0', title='ROIs Detection', enabled=true, visible=true, showing=true]
  javax.swing.JRootPane[]
    javax.swing.JPanel[name='null.glassPane']
    javax.swing.JLayeredPane[]
      MainMenu[]
        javax.swing.JMenu[name='Home', text='Home          ', selected=false, enabled=true, visible=true, showing=true]
          javax.swing.JPopupMenu[name=null, label=null, enabled=true, visible=false, showing=false]
        javax.swing.JMenu[name='Data', text='Data          ', selected=false, enabled=true, visible=true, showing=true]
          javax.swing.JPopupMenu[name=null, label=null, enabled=true, visible=false, showing=false]
            javax.swing.JMenuItem[name='ROIs', text='ROIs', selected=false, enabled=true, visible=true, showing=false]
            javax.swing.JMenu[name='MCVideo', text='Motion Corrected Video', selected=false, enabled=true, visible=true, showing=false]
              javax.swing.JPopupMenu[name=null, label=null, enabled=true, visible=false, showing=false]
                javax.swing.JMenuItem[name='MCPlanar', text='Planar motion', selected=false, enabled=true, visible=true, showing=false]
                javax.swing.JMenuItem[name='MCDepth', text='Depth motion', selected=false, enabled=true, visible=true, showing=false]
            javax.swing.JMenuItem[name='dataData', text='Results', selected=false, enabled=true, visible=true, showing=false]
        javax.swing.JMenu[name='menuSave', text='Save          ', selected=false, enabled=true, visible=true, showing=true]
          javax.swing.JPopupMenu[name=null, label=null, enabled=true, visible=false, showing=false]
            javax.swing.JMenuItem[name='saveROI', text='Save ROIs', selected=false, enabled=true, visible=true, showing=false]
            javax.swing.JMenuItem[name='saveMCVideoPlanar', text='Save Planar Corrected Video', selected=false, enabled=true, visible=true, showing=false]
            javax.swing.JMenuItem[name='saveMCVideoDepth', text='Save Depth Corrected Video', selected=false, enabled=true, visible=true, showing=false]
            javax.swing.JMenuItem[name='saveData', text='Save Results', selected=false, enabled=true, visible=true, showing=false]
            javax.swing.JMenuItem[name='saveAll', text='Save All', selected=false, enabled=true, visible=true, showing=false]
      Home[name=null]
        javax.swing.JPanel[name=null]
          DataTab.ROIs[name=null]
            javax.swing.JLabel[name=null, text='Something went wrong. Please try again.', enabled=true, visible=true, showing=true]
  javax.swing.Popup$HeavyWeightWindow[name='win0']
    javax.swing.JRootPane[]
      javax.swing.JPanel[name='null.glassPane']
      javax.swing.JLayeredPane[]
        javax.swing.JPanel[name='null.contentPane']

	at org.fest.swing.core.BasicComponentFinder.componentNotFound(BasicComponentFinder.java:271)
	at org.fest.swing.core.BasicComponentFinder.find(BasicComponentFinder.java:260)
	at org.fest.swing.core.BasicComponentFinder.find(BasicComponentFinder.java:254)
	at org.fest.swing.core.BasicComponentFinder.findByName(BasicComponentFinder.java:191)
	at org.fest.swing.fixture.ContainerFixture.findByName(ContainerFixture.java:527)
	at org.fest.swing.fixture.ContainerFixture.button(ContainerFixture.java:124)
	at TestData.testController(TestData.java:50)
	at java.base/jdk.internal.reflect.NativeMethodAccessorImpl.invoke0(Native Method)
	at java.base/jdk.internal.reflect.NativeMethodAccessorImpl.invoke(NativeMethodAccessorImpl.java:62)
	at java.base/jdk.internal.reflect.DelegatingMethodAccessorImpl.invoke(DelegatingMethodAccessorImpl.java:43)
	at java.base/java.lang.reflect.Method.invoke(Method.java:566)
	at org.junit.runners.model.FrameworkMethod$1.runReflectiveCall(FrameworkMethod.java:50)
	at org.junit.internal.runners.model.ReflectiveCallable.run(ReflectiveCallable.java:12)
	at org.junit.runners.model.FrameworkMethod.invokeExplosively(FrameworkMethod.java:47)
	at org.junit.internal.runners.statements.InvokeMethod.evaluate(InvokeMethod.java:17)
	at org.junit.internal.runners.statements.RunBefores.evaluate(RunBefores.java:26)
	at org.junit.internal.runners.statements.RunAfters.evaluate(RunAfters.java:27)
	at org.junit.runners.ParentRunner.runLeaf(ParentRunner.java:325)
	at org.junit.runners.BlockJUnit4ClassRunner.runChild(BlockJUnit4ClassRunner.java:78)
	at org.junit.runners.BlockJUnit4ClassRunner.runChild(BlockJUnit4ClassRunner.java:57)
	at org.junit.runners.ParentRunner$3.run(ParentRunner.java:290)
	at org.junit.runners.ParentRunner$1.schedule(ParentRunner.java:71)
	at org.junit.runners.ParentRunner.runChildren(ParentRunner.java:288)
	at org.junit.runners.ParentRunner.access$000(ParentRunner.java:58)
	at org.junit.runners.ParentRunner$2.evaluate(ParentRunner.java:268)
	at org.junit.runners.ParentRunner.run(ParentRunner.java:363)
	at org.gradle.api.internal.tasks.testing.junit.JUnitTestClassExecutor.runTestClass(JUnitTestClassExecutor.java:110)
	at org.gradle.api.internal.tasks.testing.junit.JUnitTestClassExecutor.execute(JUnitTestClassExecutor.java:58)
	at org.gradle.api.internal.tasks.testing.junit.JUnitTestClassExecutor.execute(JUnitTestClassExecutor.java:38)
	at org.gradle.api.internal.tasks.testing.junit.AbstractJUnitTestClassProcessor.processTestClass(AbstractJUnitTestClassProcessor.java:62)
	at org.gradle.api.internal.tasks.testing.SuiteTestClassProcessor.processTestClass(SuiteTestClassProcessor.java:51)
	at java.base/jdk.internal.reflect.NativeMethodAccessorImpl.invoke0(Native Method)
	at java.base/jdk.internal.reflect.NativeMethodAccessorImpl.invoke(NativeMethodAccessorImpl.java:62)
	at java.base/jdk.internal.reflect.DelegatingMethodAccessorImpl.invoke(DelegatingMethodAccessorImpl.java:43)
	at java.base/java.lang.reflect.Method.invoke(Method.java:566)
	at org.gradle.internal.dispatch.ReflectionDispatch.dispatch(ReflectionDispatch.java:35)
	at org.gradle.internal.dispatch.ReflectionDispatch.dispatch(ReflectionDispatch.java:24)
	at org.gradle.internal.dispatch.ContextClassLoaderDispatch.dispatch(ContextClassLoaderDispatch.java:32)
	at org.gradle.internal.dispatch.ProxyDispatchAdapter$DispatchingInvocationHandler.invoke(ProxyDispatchAdapter.java:93)
	at com.sun.proxy.$Proxy2.processTestClass(Unknown Source)
	at org.gradle.api.internal.tasks.testing.worker.TestWorker.processTestClass(TestWorker.java:118)
	at java.base/jdk.internal.reflect.NativeMethodAccessorImpl.invoke0(Native Method)
	at java.base/jdk.internal.reflect.NativeMethodAccessorImpl.invoke(NativeMethodAccessorImpl.java:62)
	at java.base/jdk.internal.reflect.DelegatingMethodAccessorImpl.invoke(DelegatingMethodAccessorImpl.java:43)
	at java.base/java.lang.reflect.Method.invoke(Method.java:566)
	at org.gradle.internal.dispatch.ReflectionDispatch.dispatch(ReflectionDispatch.java:35)
	at org.gradle.internal.dispatch.ReflectionDispatch.dispatch(ReflectionDispatch.java:24)
	at org.gradle.internal.remote.internal.hub.MessageHubBackedObjectConnection$DispatchWrapper.dispatch(MessageHubBackedObjectConnection.java:175)
	at org.gradle.internal.remote.internal.hub.MessageHubBackedObjectConnection$DispatchWrapper.dispatch(MessageHubBackedObjectConnection.java:157)
	at org.gradle.internal.remote.internal.hub.MessageHub$Handler.run(MessageHub.java:404)
	at org.gradle.internal.concurrent.ExecutorPolicy$CatchAndRecordFailures.onExecute(ExecutorPolicy.java:63)
	at org.gradle.internal.concurrent.ManagedExecutorImpl$1.run(ManagedExecutorImpl.java:46)
	at java.base/java.util.concurrent.ThreadPoolExecutor.runWorker(ThreadPoolExecutor.java:1128)
	at java.base/java.util.concurrent.ThreadPoolExecutor$Worker.run(ThreadPoolExecutor.java:628)
	at org.gradle.internal.concurrent.ThreadFactoryImpl$ManagedThreadRunnable.run(ThreadFactoryImpl.java:55)
	at java.base/java.lang.Thread.run(Thread.java:829)
</failure>
  </testcase>
  <system-out><![CDATA[]]></system-out>
  <system-err><![CDATA[]]></system-err>
</testsuite>
