<?xml version="1.0" encoding="UTF-8"?>
<testsuite name="videoprocessing.VideoTest" tests="1" skipped="0" failures="0" errors="0" timestamp="2020-12-30T20:54:19" hostname="DESKTOP-HF1TTVU" time="1.306">
  <properties/>
  <testcase name="testReadingFrames" classname="videoprocessing.VideoTest" time="1.306"/>
  <system-out><![CDATA[C:\Users\olivi\OneDrive - Imperial College London\Year 3\Programming 3\Project\New_Image_treatment\Image_treatment-\videos\Unit_testing
]]></system-out>
  <system-err><![CDATA[]]></system-err>
</testsuite>
