<?xml version="1.0" encoding="UTF-8"?>
<testsuite name="videoprocessing.VideoTest" tests="1" skipped="0" failures="0" errors="0" timestamp="2020-12-27T18:15:23" hostname="DESKTOP-HF1TTVU" time="1.327">
  <properties/>
  <testcase name="testReadingFrames" classname="videoprocessing.VideoTest" time="1.327"/>
  <system-out><![CDATA[C:\Users\olivi\OneDrive - Imperial College London\Year 3\Programming 3\Project\Image_treatment--Windows\videos\Unit_testing
]]></system-out>
  <system-err><![CDATA[]]></system-err>
</testsuite>
