<?xml version="1.0" encoding="UTF-8"?>
<testsuite name="videoprocessing.VideoProcessorTest" tests="4" skipped="0" failures="0" errors="0" timestamp="2021-01-15T15:32:27" hostname="DESKTOP-HF1TTVU" time="0.553">
  <properties/>
  <testcase name="testCreatingRoiImage" classname="videoprocessing.VideoProcessorTest" time="0.38"/>
  <testcase name="testSavingSummary" classname="videoprocessing.VideoProcessorTest" time="0.001"/>
  <testcase name="testCreatingPlanarCorrectionVid" classname="videoprocessing.VideoProcessorTest" time="0.026"/>
  <testcase name="testCreatingDepthCorrectionVid" classname="videoprocessing.VideoProcessorTest" time="0.146"/>
  <system-out><![CDATA[Planar Motion correction in progress
Done
Depth Motion correction in progress
Done
Searching for Beta-cells
Done, found 27 cells
Analysis Beta-cells
Done
Unsupported format or file not found:
C:\Users\olivi\OneDrive - Imperial College London\Year 3\Programming 3\Project\New_Image_treatment\Automated_Islet_Analysis/img/Unit_testing/Data/Planar_motion_correction.tif
]]></system-out>
  <system-err><![CDATA[]]></system-err>
</testsuite>
