<?xml version="1.0" encoding="UTF-8"?>
<testsuite name="TestData" tests="1" skipped="0" failures="0" errors="0" timestamp="2021-01-15T06:38:26" hostname="DESKTOP-867OUMT" time="42.925">
  <properties/>
  <testcase name="testController" classname="TestData" time="42.925"/>
  <system-out><![CDATA[Planar Motion correction in progress
Done
Depth Motion correction in progress
Done
Searching for Beta-cells
Done, found 27 cells
]]></system-out>
  <system-err><![CDATA[]]></system-err>
</testsuite>
