<?xml version="1.0" encoding="UTF-8"?>
<testsuite name="videoprocessing.VideoTest" tests="1" skipped="0" failures="0" errors="0" timestamp="2021-01-05T00:19:56" hostname="LAPTOP-OK0DBQNM" time="0.893">
  <properties/>
  <testcase name="testReadingFrames" classname="videoprocessing.VideoTest" time="0.893"/>
  <system-out><![CDATA[C:\Users\livia\OneDrive\Documents\GitHub\Image_treatment-\videos\Unit_testing
]]></system-out>
  <system-err><![CDATA[]]></system-err>
</testsuite>
