<?xml version="1.0" encoding="UTF-8"?>
<testsuite name="videoprocessing.CombinerTest" tests="1" skipped="0" failures="0" errors="0" timestamp="2021-01-01T20:34:18" hostname="DESKTOP-867OUMT" time="0.286">
  <properties/>
  <testcase name="testCombining" classname="videoprocessing.CombinerTest" time="0.286"/>
  <system-out><![CDATA[Unsupported format or file not found:
C:\Users\fo1318\Desktop\project\Image_treatment-/img/Unit_testing/combinedVid1.tif
]]></system-out>
  <system-err><![CDATA[]]></system-err>
</testsuite>
