<?xml version="1.0" encoding="UTF-8"?>
<testsuite name="videoprocessing.VideoTest" tests="1" skipped="0" failures="0" errors="0" timestamp="2021-01-15T03:23:09" hostname="DESKTOP-867OUMT" time="1.286">
  <properties/>
  <testcase name="testReadingFrames" classname="videoprocessing.VideoTest" time="1.286"/>
  <system-out><![CDATA[C:\Users\fo1318\Desktop\project\Image_treatment-\videos
]]></system-out>
  <system-err><![CDATA[]]></system-err>
</testsuite>
