<?xml version="1.0" encoding="UTF-8"?>
<testsuite name="TestSave" tests="1" skipped="0" failures="0" errors="0" timestamp="2021-01-15T07:34:53" hostname="DESKTOP-867OUMT" time="39.749">
  <properties/>
  <testcase name="testController" classname="TestSave" time="39.749"/>
  <system-out><![CDATA[Planar Motion correction in progress
Done
Depth Motion correction in progress
Done
Searching for Beta-cells
Done, found 27 cells
Analysis Beta-cells
Done
]]></system-out>
  <system-err><![CDATA[]]></system-err>
</testsuite>
