<?xml version="1.0" encoding="UTF-8"?>
<testsuite name="TestHome" tests="1" skipped="0" failures="0" errors="0" timestamp="2020-12-30T12:29:42" hostname="Fabios-MBP" time="21.896">
  <properties/>
  <testcase name="testController" classname="TestHome" time="21.896"/>
  <system-out><![CDATA[]]></system-out>
  <system-err><![CDATA[Error: Could not find mediaLib accelerator wrapper classes. Continuing in pure Java mode.
Occurs in: com.sun.media.jai.mlib.MediaLibAccessor
java.lang.NoClassDefFoundError: com/sun/medialib/mlib/Image
	at com.sun.media.jai.mlib.MediaLibAccessor$1.run(MediaLibAccessor.java:248)
	at java.base/java.security.AccessController.doPrivileged(Native Method)
	at com.sun.media.jai.mlib.MediaLibAccessor.setUseMlib(MediaLibAccessor.java:245)
	at com.sun.media.jai.mlib.MediaLibAccessor.useMlib(MediaLibAccessor.java:177)
	at com.sun.media.jai.mlib.MediaLibAccessor.isMediaLibCompatible(MediaLibAccessor.java:357)
	at com.sun.media.jai.mlib.MlibExtremaRIF.create(MlibExtremaRIF.java:44)
	at java.base/jdk.internal.reflect.NativeMethodAccessorImpl.invoke0(Native Method)
	at java.base/jdk.internal.reflect.NativeMethodAccessorImpl.invoke(NativeMethodAccessorImpl.java:62)
	at java.base/jdk.internal.reflect.DelegatingMethodAccessorImpl.invoke(DelegatingMethodAccessorImpl.java:43)
	at java.base/java.lang.reflect.Method.invoke(Method.java:566)
	at javax.media.jai.FactoryCache.invoke(FactoryCache.java:122)
	at javax.media.jai.OperationRegistry.invokeFactory(OperationRegistry.java:1674)
	at javax.media.jai.ThreadSafeOperationRegistry.invokeFactory(ThreadSafeOperationRegistry.java:473)
	at javax.media.jai.registry.RIFRegistry.create(RIFRegistry.java:332)
	at javax.media.jai.RenderedOp.createInstance(RenderedOp.java:819)
	at javax.media.jai.RenderedOp.createRendering(RenderedOp.java:867)
	at javax.media.jai.RenderedOp.getRendering(RenderedOp.java:888)
	at javax.media.jai.RenderedOp$1.getPropertyNames(RenderedOp.java:1791)
	at javax.media.jai.PropertyEnvironment.mapDefaults(PropertyEnvironment.java:270)
	at javax.media.jai.PropertyEnvironment.getPropertyNames(PropertyEnvironment.java:125)
	at javax.media.jai.WritablePropertySourceImpl.addProperties(WritablePropertySourceImpl.java:298)
	at javax.media.jai.RenderedOp.createPropertySource(RenderedOp.java:1817)
	at javax.media.jai.RenderedOp.getProperty(RenderedOp.java:1968)
	at NewTiffReader.<init>(NewTiffReader.java:30)
	at UploadListener.actionPerformed(UploadListener.java:35)
	at java.desktop/javax.swing.AbstractButton.fireActionPerformed(AbstractButton.java:1967)
	at java.desktop/javax.swing.AbstractButton$Handler.actionPerformed(AbstractButton.java:2308)
	at java.desktop/javax.swing.DefaultButtonModel.fireActionPerformed(DefaultButtonModel.java:405)
	at java.desktop/javax.swing.DefaultButtonModel.setPressed(DefaultButtonModel.java:262)
	at java.desktop/javax.swing.plaf.basic.BasicButtonListener.mouseReleased(BasicButtonListener.java:279)
	at java.desktop/java.awt.Component.processMouseEvent(Component.java:6635)
	at java.desktop/javax.swing.JComponent.processMouseEvent(JComponent.java:3342)
	at java.desktop/java.awt.Component.processEvent(Component.java:6400)
	at java.desktop/java.awt.Container.processEvent(Container.java:2263)
	at java.desktop/java.awt.Component.dispatchEventImpl(Component.java:5011)
	at java.desktop/java.awt.Container.dispatchEventImpl(Container.java:2321)
	at java.desktop/java.awt.Component.dispatchEvent(Component.java:4843)
	at java.desktop/java.awt.LightweightDispatcher.retargetMouseEvent(Container.java:4918)
	at java.desktop/java.awt.LightweightDispatcher.processMouseEvent(Container.java:4547)
	at java.desktop/java.awt.LightweightDispatcher.dispatchEvent(Container.java:4488)
	at java.desktop/java.awt.Container.dispatchEventImpl(Container.java:2307)
	at java.desktop/java.awt.Window.dispatchEventImpl(Window.java:2772)
	at java.desktop/java.awt.Component.dispatchEvent(Component.java:4843)
	at java.desktop/java.awt.EventQueue.dispatchEventImpl(EventQueue.java:772)
	at java.desktop/java.awt.EventQueue$4.run(EventQueue.java:721)
	at java.desktop/java.awt.EventQueue$4.run(EventQueue.java:715)
	at java.base/java.security.AccessController.doPrivileged(Native Method)
	at java.base/java.security.ProtectionDomain$JavaSecurityAccessImpl.doIntersectionPrivilege(ProtectionDomain.java:85)
	at java.base/java.security.ProtectionDomain$JavaSecurityAccessImpl.doIntersectionPrivilege(ProtectionDomain.java:95)
	at java.desktop/java.awt.EventQueue$5.run(EventQueue.java:745)
	at java.desktop/java.awt.EventQueue$5.run(EventQueue.java:743)
	at java.base/java.security.AccessController.doPrivileged(Native Method)
	at java.base/java.security.ProtectionDomain$JavaSecurityAccessImpl.doIntersectionPrivilege(ProtectionDomain.java:85)
	at java.desktop/java.awt.EventQueue.dispatchEvent(EventQueue.java:742)
	at java.desktop/java.awt.EventDispatchThread.pumpOneEventForFilters(EventDispatchThread.java:203)
	at java.desktop/java.awt.EventDispatchThread.pumpEventsForFilter(EventDispatchThread.java:124)
	at java.desktop/java.awt.EventDispatchThread.pumpEventsForHierarchy(EventDispatchThread.java:113)
	at java.desktop/java.awt.EventDispatchThread.pumpEvents(EventDispatchThread.java:109)
	at java.desktop/java.awt.EventDispatchThread.pumpEvents(EventDispatchThread.java:101)
	at java.desktop/java.awt.EventDispatchThread.run(EventDispatchThread.java:90)
Caused by: java.lang.ClassNotFoundException: com.sun.medialib.mlib.Image
	at java.base/jdk.internal.loader.BuiltinClassLoader.loadClass(BuiltinClassLoader.java:581)
	at java.base/jdk.internal.loader.ClassLoaders$AppClassLoader.loadClass(ClassLoaders.java:178)
	at java.base/java.lang.ClassLoader.loadClass(ClassLoader.java:522)
	... 60 more
]]></system-err>
</testsuite>
