<?xml version="1.0" encoding="UTF-8"?>
<testsuite name="videoprocessing.processor.CellFinderTest" tests="1" skipped="0" failures="0" errors="0" timestamp="2021-01-15T15:32:06" hostname="DESKTOP-HF1TTVU" time="4.966">
  <properties/>
  <testcase name="testRunning" classname="videoprocessing.processor.CellFinderTest" time="4.966"/>
  <system-out><![CDATA[Searching for Beta-cells
Done, found 30 cells
Analysis Beta-cells
Done
]]></system-out>
  <system-err><![CDATA[]]></system-err>
</testsuite>
