<?xml version="1.0" encoding="UTF-8"?>
<testsuite name="TestVideo" tests="1" skipped="0" failures="0" errors="0" timestamp="2020-12-10T18:09:20" hostname="DESKTOP-HF1TTVU" time="2.849">
  <properties/>
  <testcase name="testReadingFrames" classname="TestVideo" time="2.849"/>
  <system-out><![CDATA[C:\Users\olivi\OneDrive - Imperial College London\Year 3\Programming 3\Project\Image_treatment-\videos
]]></system-out>
  <system-err><![CDATA[]]></system-err>
</testsuite>
