<?xml version="1.0" encoding="UTF-8"?>
<testsuite name="TestSave" tests="1" skipped="0" failures="0" errors="0" timestamp="2020-12-30T10:51:05" hostname="Fabios-MBP" time="7.998">
  <properties/>
  <testcase name="testController" classname="TestSave" time="7.998"/>
  <system-out><![CDATA[Save ROIs
Save data
Save motion corrected video
Save all
]]></system-out>
  <system-err><![CDATA[]]></system-err>
</testsuite>
