<?xml version="1.0" encoding="UTF-8"?>
<testsuite name="TestData" tests="1" skipped="0" failures="0" errors="0" timestamp="2020-12-30T12:44:48" hostname="Fabios-MBP" time="15.122">
  <properties/>
  <testcase name="testController" classname="TestData" time="15.122"/>
  <system-out><![CDATA[]]></system-out>
  <system-err><![CDATA[]]></system-err>
</testsuite>
