<?xml version="1.0" encoding="UTF-8"?>
<testsuite name="videoprocessing.CombinerTest" tests="1" skipped="0" failures="0" errors="0" timestamp="2021-01-15T03:05:49" hostname="DESKTOP-867OUMT" time="0.373">
  <properties/>
  <testcase name="testCombining" classname="videoprocessing.CombinerTest" time="0.373"/>
  <system-out><![CDATA[]]></system-out>
  <system-err><![CDATA[]]></system-err>
</testsuite>
