<?xml version="1.0" encoding="UTF-8"?>
<testsuite name="videoprocessing.CombinerTest" tests="1" skipped="0" failures="0" errors="0" timestamp="2021-01-02T15:03:02" hostname="LAPTOP-OK0DBQNM" time="0.133">
  <properties/>
  <testcase name="testCombining" classname="videoprocessing.CombinerTest" time="0.133"/>
  <system-out><![CDATA[Unsupported format or file not found:
C:\Users\livia\OneDrive\Documents\GitHub\Image_treatment-/img/Unit_testing/combinedVid1.tif
]]></system-out>
  <system-err><![CDATA[]]></system-err>
</testsuite>
