<?xml version="1.0" encoding="UTF-8"?>
<testsuite name="TestHome" tests="1" skipped="0" failures="0" errors="0" timestamp="2021-01-15T06:39:10" hostname="DESKTOP-867OUMT" time="38.634">
  <properties/>
  <testcase name="testController" classname="TestHome" time="38.634"/>
  <system-out><![CDATA[]]></system-out>
  <system-err><![CDATA[]]></system-err>
</testsuite>
