<?xml version="1.0" encoding="UTF-8"?>
<testsuite name="TestData" tests="1" skipped="0" failures="0" errors="0" timestamp="2020-12-30T10:50:52" hostname="Fabios-MBP" time="12.744">
  <properties/>
  <testcase name="testController" classname="TestData" time="12.744"/>
  <system-out><![CDATA[ROIs
Data
Planar motion
Depth motion
]]></system-out>
  <system-err><![CDATA[]]></system-err>
</testsuite>
